<?xml version="1.0" encoding="UTF-8"?>
<!-- Generated by org.testng.reporters.JUnitXMLReporter -->
<testsuite ignored="6" hostname="DESKTOP-9538315" failures="0" tests="3" name="Test" time="58.83" errors="0" timestamp="2023-08-15T16:30:32 IST">
  <testcase classname="MercurytoursTestscenerios.Mercury__TC1_register" name="register" time="8.45"/>
  <testcase classname="MercurytoursTestscenerios.Mercury_TC2_Login" name="Loginpage" time="20.754"/>
  <testcase classname="MercurytoursTestscenerios.Mercury_TC3_flightbooking" name="flightbooking" time="7.932"/>
  <testcase classname="MercurytoursTestscenerios.baseclass" name="@AfterSuite AfterSuite" time="0.0">
    <ignored/>
  </testcase> <!-- @AfterSuite AfterSuite -->
  <testcase classname="MercurytoursTestscenerios.baseclass" name="@BeforeSuite BeforeSuite" time="0.0">
    <ignored/>
  </testcase> <!-- @BeforeSuite BeforeSuite -->
  <testcase classname="MercurytoursTestscenerios.baseclass" name="@BeforeSuite BeforeSuite" time="0.0">
    <ignored/>
  </testcase> <!-- @BeforeSuite BeforeSuite -->
  <testcase classname="MercurytoursTestscenerios.baseclass" name="@AfterTest email" time="0.0">
    <ignored/>
  </testcase> <!-- @AfterTest email -->
  <testcase classname="MercurytoursTestscenerios.baseclass" name="@AfterSuite AfterSuite" time="0.0">
    <ignored/>
  </testcase> <!-- @AfterSuite AfterSuite -->
  <testcase classname="MercurytoursTestscenerios.baseclass" name="@AfterTest email" time="0.0">
    <ignored/>
  </testcase> <!-- @AfterTest email -->
</testsuite> <!-- Test -->
