<?xml version="1.0" encoding="UTF-8"?>
<!-- Generated by org.testng.reporters.JUnitXMLReporter -->
<testsuite ignored="6" hostname="DESKTOP-9538315" failures="0" tests="3" name="Test" time="36.803" errors="0" timestamp="2023-08-06T15:18:53 IST">
  <testcase classname="MercurytoursTestscenerios.Mercury__TC1_register" name="register" time="5.678"/>
  <testcase classname="MercurytoursTestscenerios.Mercury_TC2_Login" name="Loginpage" time="19.949"/>
  <testcase classname="MercurytoursTestscenerios.Mercury_TC3_flightbooking" name="flightbooking" time="5.771"/>
  <testcase classname="MercurytoursTestscenerios.baseclass" name="@BeforeSuite BeforeSuite" time="0.0">
    <ignored/>
  </testcase> <!-- @BeforeSuite BeforeSuite -->
  <testcase classname="MercurytoursTestscenerios.baseclass" name="@AfterSuite AfterSuite" time="0.0">
    <ignored/>
  </testcase> <!-- @AfterSuite AfterSuite -->
  <testcase classname="MercurytoursTestscenerios.baseclass" name="@BeforeSuite BeforeSuite" time="0.0">
    <ignored/>
  </testcase> <!-- @BeforeSuite BeforeSuite -->
  <testcase classname="MercurytoursTestscenerios.baseclass" name="@BeforeTest name" time="0.0">
    <ignored/>
  </testcase> <!-- @BeforeTest name -->
  <testcase classname="MercurytoursTestscenerios.baseclass" name="@BeforeTest name" time="0.0">
    <ignored/>
  </testcase> <!-- @BeforeTest name -->
  <testcase classname="MercurytoursTestscenerios.baseclass" name="@AfterSuite AfterSuite" time="0.0">
    <ignored/>
  </testcase> <!-- @AfterSuite AfterSuite -->
</testsuite> <!-- Test -->
