<?xml version="1.0" encoding="UTF-8"?>
<testng-results ignored="0" total="3" passed="3" failed="0" skipped="0">
  <reporter-output>
  </reporter-output>
  <suite started-at="2023-08-15T16:29:33 IST" name="Suite" finished-at="2023-08-15T16:30:32 IST" duration-ms="58830">
    <groups>
    </groups>
    <test started-at="2023-08-15T16:29:33 IST" name="Test" finished-at="2023-08-15T16:30:32 IST" duration-ms="58830">
      <class name="MercurytoursTestscenerios.Mercury_TC2_Login">
        <test-method is-config="true" signature="name(java.lang.String)[pri:0, instance:MercurytoursTestscenerios.Mercury_TC2_Login@3c35c345]" started-at="2023-08-15T16:29:49 IST" name="name" finished-at="2023-08-15T16:29:54 IST" duration-ms="4481" status="PASS">
          <params>
            <param index="0">
              <value>
                <![CDATA[chrome]]>
              </value>
            </param>
          </params>
          <reporter-output>
          </reporter-output>
        </test-method> <!-- name -->
        <test-method signature="Loginpage()[pri:0, instance:MercurytoursTestscenerios.Mercury_TC2_Login@3c35c345]" started-at="2023-08-15T16:29:54 IST" name="Loginpage" finished-at="2023-08-15T16:30:14 IST" duration-ms="20754" status="PASS">
          <reporter-output>
          </reporter-output>
        </test-method> <!-- Loginpage -->
      </class> <!-- MercurytoursTestscenerios.Mercury_TC2_Login -->
      <class name="MercurytoursTestscenerios.Mercury__TC1_register">
        <test-method is-config="true" signature="BeforeSuite()[pri:0, instance:MercurytoursTestscenerios.Mercury__TC1_register@31ff6309]" started-at="2023-08-15T16:29:33 IST" name="BeforeSuite" finished-at="2023-08-15T16:29:33 IST" duration-ms="463" status="PASS">
          <reporter-output>
          </reporter-output>
        </test-method> <!-- BeforeSuite -->
        <test-method is-config="true" signature="name(java.lang.String)[pri:0, instance:MercurytoursTestscenerios.Mercury__TC1_register@31ff6309]" started-at="2023-08-15T16:29:33 IST" name="name" finished-at="2023-08-15T16:29:41 IST" duration-ms="7241" status="PASS">
          <params>
            <param index="0">
              <value>
                <![CDATA[chrome]]>
              </value>
            </param>
          </params>
          <reporter-output>
          </reporter-output>
        </test-method> <!-- name -->
        <test-method signature="register()[pri:0, instance:MercurytoursTestscenerios.Mercury__TC1_register@31ff6309]" started-at="2023-08-15T16:29:41 IST" name="register" finished-at="2023-08-15T16:29:49 IST" duration-ms="8450" status="PASS">
          <reporter-output>
          </reporter-output>
        </test-method> <!-- register -->
        <test-method is-config="true" signature="email()[pri:0, instance:MercurytoursTestscenerios.Mercury__TC1_register@31ff6309]" started-at="2023-08-15T16:30:26 IST" name="email" finished-at="2023-08-15T16:30:32 IST" duration-ms="6620" status="PASS">
          <reporter-output>
          </reporter-output>
        </test-method> <!-- email -->
        <test-method is-config="true" signature="AfterSuite()[pri:0, instance:MercurytoursTestscenerios.Mercury__TC1_register@31ff6309]" started-at="2023-08-15T16:30:32 IST" name="AfterSuite" finished-at="2023-08-15T16:30:34 IST" duration-ms="1750" status="PASS">
          <reporter-output>
          </reporter-output>
        </test-method> <!-- AfterSuite -->
      </class> <!-- MercurytoursTestscenerios.Mercury__TC1_register -->
      <class name="MercurytoursTestscenerios.Mercury_TC3_flightbooking">
        <test-method is-config="true" signature="name(java.lang.String)[pri:0, instance:MercurytoursTestscenerios.Mercury_TC3_flightbooking@1dc76fa1]" started-at="2023-08-15T16:30:14 IST" name="name" finished-at="2023-08-15T16:30:18 IST" duration-ms="3227" status="PASS">
          <params>
            <param index="0">
              <value>
                <![CDATA[chrome]]>
              </value>
            </param>
          </params>
          <reporter-output>
          </reporter-output>
        </test-method> <!-- name -->
        <test-method signature="flightbooking()[pri:0, instance:MercurytoursTestscenerios.Mercury_TC3_flightbooking@1dc76fa1]" started-at="2023-08-15T16:30:18 IST" name="flightbooking" finished-at="2023-08-15T16:30:26 IST" duration-ms="7932" status="PASS">
          <reporter-output>
          </reporter-output>
        </test-method> <!-- flightbooking -->
      </class> <!-- MercurytoursTestscenerios.Mercury_TC3_flightbooking -->
    </test> <!-- Test -->
  </suite> <!-- Suite -->
</testng-results>
